Started GET "/" for 127.0.0.1 at 2017-05-14 15:43:01 +0530
Processing by Rails::WelcomeController#index as HTML
  Parameters: {"internal"=>true}
  Rendering /home/tenzin/.rbenv/versions/2.4.0/lib/ruby/gems/2.4.0/gems/railties-5.0.3/lib/rails/templates/rails/welcome/index.html.erb
  Rendered /home/tenzin/.rbenv/versions/2.4.0/lib/ruby/gems/2.4.0/gems/railties-5.0.3/lib/rails/templates/rails/welcome/index.html.erb (5.2ms)
Completed 200 OK in 67ms (Views: 10.9ms | ActiveRecord: 0.0ms)


Started GET "/welcome/home" for 127.0.0.1 at 2017-05-14 15:49:12 +0530
  
ActionController::RoutingError (No route matches [GET] "/welcome/home"):
  
actionpack (5.0.3) lib/action_dispatch/middleware/debug_exceptions.rb:53:in `call'
web-console (3.5.1) lib/web_console/middleware.rb:135:in `call_app'
web-console (3.5.1) lib/web_console/middleware.rb:28:in `block in call'
web-console (3.5.1) lib/web_console/middleware.rb:18:in `catch'
web-console (3.5.1) lib/web_console/middleware.rb:18:in `call'
actionpack (5.0.3) lib/action_dispatch/middleware/show_exceptions.rb:31:in `call'
railties (5.0.3) lib/rails/rack/logger.rb:36:in `call_app'
railties (5.0.3) lib/rails/rack/logger.rb:24:in `block in call'
activesupport (5.0.3) lib/active_support/tagged_logging.rb:69:in `block in tagged'
activesupport (5.0.3) lib/active_support/tagged_logging.rb:26:in `tagged'
activesupport (5.0.3) lib/active_support/tagged_logging.rb:69:in `tagged'
railties (5.0.3) lib/rails/rack/logger.rb:24:in `call'
sprockets-rails (3.2.0) lib/sprockets/rails/quiet_assets.rb:13:in `call'
actionpack (5.0.3) lib/action_dispatch/middleware/request_id.rb:24:in `call'
rack (2.0.2) lib/rack/method_override.rb:22:in `call'
rack (2.0.2) lib/rack/runtime.rb:22:in `call'
activesupport (5.0.3) lib/active_support/cache/strategy/local_cache_middleware.rb:28:in `call'
actionpack (5.0.3) lib/action_dispatch/middleware/executor.rb:12:in `call'
actionpack (5.0.3) lib/action_dispatch/middleware/static.rb:136:in `call'
rack (2.0.2) lib/rack/sendfile.rb:111:in `call'
railties (5.0.3) lib/rails/engine.rb:522:in `call'
puma (3.8.2) lib/puma/configuration.rb:224:in `call'
puma (3.8.2) lib/puma/server.rb:600:in `handle_request'
puma (3.8.2) lib/puma/server.rb:435:in `process_client'
puma (3.8.2) lib/puma/server.rb:299:in `block in run'
puma (3.8.2) lib/puma/thread_pool.rb:120:in `block in spawn_thread'
  Rendering /home/tenzin/.rbenv/versions/2.4.0/lib/ruby/gems/2.4.0/gems/actionpack-5.0.3/lib/action_dispatch/middleware/templates/rescues/routing_error.html.erb within rescues/layout
  Rendering /home/tenzin/.rbenv/versions/2.4.0/lib/ruby/gems/2.4.0/gems/actionpack-5.0.3/lib/action_dispatch/middleware/templates/rescues/_trace.html.erb
  Rendered /home/tenzin/.rbenv/versions/2.4.0/lib/ruby/gems/2.4.0/gems/actionpack-5.0.3/lib/action_dispatch/middleware/templates/rescues/_trace.html.erb (2.1ms)
  Rendered /home/tenzin/.rbenv/versions/2.4.0/lib/ruby/gems/2.4.0/gems/actionpack-5.0.3/lib/action_dispatch/middleware/templates/routes/_table.html.erb (21.1ms)
  Rendering /home/tenzin/.rbenv/versions/2.4.0/lib/ruby/gems/2.4.0/gems/actionpack-5.0.3/lib/action_dispatch/middleware/templates/rescues/_request_and_response.html.erb
  Rendered /home/tenzin/.rbenv/versions/2.4.0/lib/ruby/gems/2.4.0/gems/actionpack-5.0.3/lib/action_dispatch/middleware/templates/rescues/_request_and_response.html.erb (1.8ms)
  Rendered /home/tenzin/.rbenv/versions/2.4.0/lib/ruby/gems/2.4.0/gems/actionpack-5.0.3/lib/action_dispatch/middleware/templates/rescues/routing_error.html.erb within rescues/layout (313.3ms)
Started GET "/" for 127.0.0.1 at 2017-05-14 19:03:25 +0530
Processing by Rails::WelcomeController#index as HTML
  Parameters: {"internal"=>true}
  Rendering /home/tenzin/.rbenv/versions/2.4.0/lib/ruby/gems/2.4.0/gems/railties-5.0.3/lib/rails/templates/rails/welcome/index.html.erb
  Rendered /home/tenzin/.rbenv/versions/2.4.0/lib/ruby/gems/2.4.0/gems/railties-5.0.3/lib/rails/templates/rails/welcome/index.html.erb (6.6ms)
Completed 200 OK in 75ms (Views: 20.7ms | ActiveRecord: 0.0ms)


Started GET "/welcome" for 127.0.0.1 at 2017-05-14 19:04:04 +0530
  
ActionController::RoutingError (No route matches [GET] "/welcome"):
  
actionpack (5.0.3) lib/action_dispatch/middleware/debug_exceptions.rb:53:in `call'
web-console (3.5.1) lib/web_console/middleware.rb:135:in `call_app'
web-console (3.5.1) lib/web_console/middleware.rb:28:in `block in call'
web-console (3.5.1) lib/web_console/middleware.rb:18:in `catch'
web-console (3.5.1) lib/web_console/middleware.rb:18:in `call'
actionpack (5.0.3) lib/action_dispatch/middleware/show_exceptions.rb:31:in `call'
railties (5.0.3) lib/rails/rack/logger.rb:36:in `call_app'
railties (5.0.3) lib/rails/rack/logger.rb:24:in `block in call'
activesupport (5.0.3) lib/active_support/tagged_logging.rb:69:in `block in tagged'
activesupport (5.0.3) lib/active_support/tagged_logging.rb:26:in `tagged'
activesupport (5.0.3) lib/active_support/tagged_logging.rb:69:in `tagged'
railties (5.0.3) lib/rails/rack/logger.rb:24:in `call'
sprockets-rails (3.2.0) lib/sprockets/rails/quiet_assets.rb:13:in `call'
actionpack (5.0.3) lib/action_dispatch/middleware/request_id.rb:24:in `call'
rack (2.0.2) lib/rack/method_override.rb:22:in `call'
rack (2.0.2) lib/rack/runtime.rb:22:in `call'
activesupport (5.0.3) lib/active_support/cache/strategy/local_cache_middleware.rb:28:in `call'
actionpack (5.0.3) lib/action_dispatch/middleware/executor.rb:12:in `call'
actionpack (5.0.3) lib/action_dispatch/middleware/static.rb:136:in `call'
rack (2.0.2) lib/rack/sendfile.rb:111:in `call'
railties (5.0.3) lib/rails/engine.rb:522:in `call'
puma (3.8.2) lib/puma/configuration.rb:224:in `call'
puma (3.8.2) lib/puma/server.rb:600:in `handle_request'
puma (3.8.2) lib/puma/server.rb:435:in `process_client'
puma (3.8.2) lib/puma/server.rb:299:in `block in run'
puma (3.8.2) lib/puma/thread_pool.rb:120:in `block in spawn_thread'
  Rendering /home/tenzin/.rbenv/versions/2.4.0/lib/ruby/gems/2.4.0/gems/actionpack-5.0.3/lib/action_dispatch/middleware/templates/rescues/routing_error.html.erb within rescues/layout
  Rendering /home/tenzin/.rbenv/versions/2.4.0/lib/ruby/gems/2.4.0/gems/actionpack-5.0.3/lib/action_dispatch/middleware/templates/rescues/_trace.html.erb
  Rendered /home/tenzin/.rbenv/versions/2.4.0/lib/ruby/gems/2.4.0/gems/actionpack-5.0.3/lib/action_dispatch/middleware/templates/rescues/_trace.html.erb (2.9ms)
  Rendered collection of /home/tenzin/.rbenv/versions/2.4.0/lib/ruby/gems/2.4.0/gems/actionpack-5.0.3/lib/action_dispatch/middleware/templates/routes/_route.html.erb [1 times] (26.6ms)
  Rendered /home/tenzin/.rbenv/versions/2.4.0/lib/ruby/gems/2.4.0/gems/actionpack-5.0.3/lib/action_dispatch/middleware/templates/routes/_table.html.erb (11.8ms)
  Rendering /home/tenzin/.rbenv/versions/2.4.0/lib/ruby/gems/2.4.0/gems/actionpack-5.0.3/lib/action_dispatch/middleware/templates/rescues/_request_and_response.html.erb
  Rendered /home/tenzin/.rbenv/versions/2.4.0/lib/ruby/gems/2.4.0/gems/actionpack-5.0.3/lib/action_dispatch/middleware/templates/rescues/_request_and_response.html.erb (1.2ms)
  Rendered /home/tenzin/.rbenv/versions/2.4.0/lib/ruby/gems/2.4.0/gems/actionpack-5.0.3/lib/action_dispatch/middleware/templates/rescues/routing_error.html.erb within rescues/layout (231.1ms)
Started GET "/welcome/home" for 127.0.0.1 at 2017-05-14 19:04:10 +0530
  
ActionController::RoutingError (uninitialized constant WelcomeController):
  
activesupport (5.0.3) lib/active_support/inflector/methods.rb:268:in `const_get'
activesupport (5.0.3) lib/active_support/inflector/methods.rb:268:in `block in constantize'
activesupport (5.0.3) lib/active_support/inflector/methods.rb:266:in `each'
activesupport (5.0.3) lib/active_support/inflector/methods.rb:266:in `inject'
activesupport (5.0.3) lib/active_support/inflector/methods.rb:266:in `constantize'
actionpack (5.0.3) lib/action_dispatch/http/request.rb:81:in `controller_class'
actionpack (5.0.3) lib/action_dispatch/routing/route_set.rb:44:in `controller'
actionpack (5.0.3) lib/action_dispatch/routing/route_set.rb:30:in `serve'
actionpack (5.0.3) lib/action_dispatch/journey/router.rb:39:in `block in serve'
actionpack (5.0.3) lib/action_dispatch/journey/router.rb:26:in `each'
actionpack (5.0.3) lib/action_dispatch/journey/router.rb:26:in `serve'
actionpack (5.0.3) lib/action_dispatch/routing/route_set.rb:725:in `call'
rack (2.0.2) lib/rack/etag.rb:25:in `call'
rack (2.0.2) lib/rack/conditional_get.rb:25:in `call'
rack (2.0.2) lib/rack/head.rb:12:in `call'
rack (2.0.2) lib/rack/session/abstract/id.rb:232:in `context'
rack (2.0.2) lib/rack/session/abstract/id.rb:226:in `call'
actionpack (5.0.3) lib/action_dispatch/middleware/cookies.rb:613:in `call'
activerecord (5.0.3) lib/active_record/migration.rb:553:in `call'
actionpack (5.0.3) lib/action_dispatch/middleware/callbacks.rb:38:in `block in call'
activesupport (5.0.3) lib/active_support/callbacks.rb:97:in `__run_callbacks__'
activesupport (5.0.3) lib/active_support/callbacks.rb:750:in `_run_call_callbacks'
activesupport (5.0.3) lib/active_support/callbacks.rb:90:in `run_callbacks'
actionpack (5.0.3) lib/action_dispatch/middleware/callbacks.rb:36:in `call'
actionpack (5.0.3) lib/action_dispatch/middleware/executor.rb:12:in `call'
actionpack (5.0.3) lib/action_dispatch/middleware/remote_ip.rb:79:in `call'
actionpack (5.0.3) lib/action_dispatch/middleware/debug_exceptions.rb:49:in `call'
web-console (3.5.1) lib/web_console/middleware.rb:135:in `call_app'
web-console (3.5.1) lib/web_console/middleware.rb:28:in `block in call'
web-console (3.5.1) lib/web_console/middleware.rb:18:in `catch'
web-console (3.5.1) lib/web_console/middleware.rb:18:in `call'
actionpack (5.0.3) lib/action_dispatch/middleware/show_exceptions.rb:31:in `call'
railties (5.0.3) lib/rails/rack/logger.rb:36:in `call_app'
railties (5.0.3) lib/rails/rack/logger.rb:24:in `block in call'
activesupport (5.0.3) lib/active_support/tagged_logging.rb:69:in `block in tagged'
activesupport (5.0.3) lib/active_support/tagged_logging.rb:26:in `tagged'
activesupport (5.0.3) lib/active_support/tagged_logging.rb:69:in `tagged'
railties (5.0.3) lib/rails/rack/logger.rb:24:in `call'
sprockets-rails (3.2.0) lib/sprockets/rails/quiet_assets.rb:13:in `call'
actionpack (5.0.3) lib/action_dispatch/middleware/request_id.rb:24:in `call'
rack (2.0.2) lib/rack/method_override.rb:22:in `call'
rack (2.0.2) lib/rack/runtime.rb:22:in `call'
activesupport (5.0.3) lib/active_support/cache/strategy/local_cache_middleware.rb:28:in `call'
actionpack (5.0.3) lib/action_dispatch/middleware/executor.rb:12:in `call'
actionpack (5.0.3) lib/action_dispatch/middleware/static.rb:136:in `call'
rack (2.0.2) lib/rack/sendfile.rb:111:in `call'
railties (5.0.3) lib/rails/engine.rb:522:in `call'
puma (3.8.2) lib/puma/configuration.rb:224:in `call'
puma (3.8.2) lib/puma/server.rb:600:in `handle_request'
puma (3.8.2) lib/puma/server.rb:435:in `process_client'
puma (3.8.2) lib/puma/server.rb:299:in `block in run'
puma (3.8.2) lib/puma/thread_pool.rb:120:in `block in spawn_thread'
  Rendering /home/tenzin/.rbenv/versions/2.4.0/lib/ruby/gems/2.4.0/gems/actionpack-5.0.3/lib/action_dispatch/middleware/templates/rescues/routing_error.html.erb within rescues/layout
  Rendering /home/tenzin/.rbenv/versions/2.4.0/lib/ruby/gems/2.4.0/gems/actionpack-5.0.3/lib/action_dispatch/middleware/templates/rescues/_trace.html.erb
  Rendered /home/tenzin/.rbenv/versions/2.4.0/lib/ruby/gems/2.4.0/gems/actionpack-5.0.3/lib/action_dispatch/middleware/templates/rescues/_trace.html.erb (12.6ms)
  Rendered collection of /home/tenzin/.rbenv/versions/2.4.0/lib/ruby/gems/2.4.0/gems/actionpack-5.0.3/lib/action_dispatch/middleware/templates/routes/_route.html.erb [1 times] (2.0ms)
  Rendered /home/tenzin/.rbenv/versions/2.4.0/lib/ruby/gems/2.4.0/gems/actionpack-5.0.3/lib/action_dispatch/middleware/templates/routes/_table.html.erb (1.3ms)
  Rendering /home/tenzin/.rbenv/versions/2.4.0/lib/ruby/gems/2.4.0/gems/actionpack-5.0.3/lib/action_dispatch/middleware/templates/rescues/_request_and_response.html.erb
  Rendered /home/tenzin/.rbenv/versions/2.4.0/lib/ruby/gems/2.4.0/gems/actionpack-5.0.3/lib/action_dispatch/middleware/templates/rescues/_request_and_response.html.erb (1.1ms)
  Rendered /home/tenzin/.rbenv/versions/2.4.0/lib/ruby/gems/2.4.0/gems/actionpack-5.0.3/lib/action_dispatch/middleware/templates/rescues/routing_error.html.erb within rescues/layout (45.4ms)
Started GET "/welcome/home" for 127.0.0.1 at 2017-05-14 19:08:55 +0530
  
AbstractController::ActionNotFound (The action 'home' could not be found for WelcomeController):
  
actionpack (5.0.3) lib/abstract_controller/base.rb:121:in `process'
actionview (5.0.3) lib/action_view/rendering.rb:30:in `process'
actionpack (5.0.3) lib/action_controller/metal.rb:190:in `dispatch'
actionpack (5.0.3) lib/action_controller/metal.rb:262:in `dispatch'
actionpack (5.0.3) lib/action_dispatch/routing/route_set.rb:50:in `dispatch'
actionpack (5.0.3) lib/action_dispatch/routing/route_set.rb:32:in `serve'
actionpack (5.0.3) lib/action_dispatch/journey/router.rb:39:in `block in serve'
actionpack (5.0.3) lib/action_dispatch/journey/router.rb:26:in `each'
actionpack (5.0.3) lib/action_dispatch/journey/router.rb:26:in `serve'
actionpack (5.0.3) lib/action_dispatch/routing/route_set.rb:725:in `call'
rack (2.0.2) lib/rack/etag.rb:25:in `call'
rack (2.0.2) lib/rack/conditional_get.rb:25:in `call'
rack (2.0.2) lib/rack/head.rb:12:in `call'
rack (2.0.2) lib/rack/session/abstract/id.rb:232:in `context'
rack (2.0.2) lib/rack/session/abstract/id.rb:226:in `call'
actionpack (5.0.3) lib/action_dispatch/middleware/cookies.rb:613:in `call'
activerecord (5.0.3) lib/active_record/migration.rb:553:in `call'
actionpack (5.0.3) lib/action_dispatch/middleware/callbacks.rb:38:in `block in call'
activesupport (5.0.3) lib/active_support/callbacks.rb:97:in `__run_callbacks__'
activesupport (5.0.3) lib/active_support/callbacks.rb:750:in `_run_call_callbacks'
activesupport (5.0.3) lib/active_support/callbacks.rb:90:in `run_callbacks'
actionpack (5.0.3) lib/action_dispatch/middleware/callbacks.rb:36:in `call'
actionpack (5.0.3) lib/action_dispatch/middleware/executor.rb:12:in `call'
actionpack (5.0.3) lib/action_dispatch/middleware/remote_ip.rb:79:in `call'
actionpack (5.0.3) lib/action_dispatch/middleware/debug_exceptions.rb:49:in `call'
web-console (3.5.1) lib/web_console/middleware.rb:135:in `call_app'
web-console (3.5.1) lib/web_console/middleware.rb:28:in `block in call'
web-console (3.5.1) lib/web_console/middleware.rb:18:in `catch'
web-console (3.5.1) lib/web_console/middleware.rb:18:in `call'
actionpack (5.0.3) lib/action_dispatch/middleware/show_exceptions.rb:31:in `call'
railties (5.0.3) lib/rails/rack/logger.rb:36:in `call_app'
railties (5.0.3) lib/rails/rack/logger.rb:24:in `block in call'
activesupport (5.0.3) lib/active_support/tagged_logging.rb:69:in `block in tagged'
activesupport (5.0.3) lib/active_support/tagged_logging.rb:26:in `tagged'
activesupport (5.0.3) lib/active_support/tagged_logging.rb:69:in `tagged'
railties (5.0.3) lib/rails/rack/logger.rb:24:in `call'
sprockets-rails (3.2.0) lib/sprockets/rails/quiet_assets.rb:13:in `call'
actionpack (5.0.3) lib/action_dispatch/middleware/request_id.rb:24:in `call'
rack (2.0.2) lib/rack/method_override.rb:22:in `call'
rack (2.0.2) lib/rack/runtime.rb:22:in `call'
activesupport (5.0.3) lib/active_support/cache/strategy/local_cache_middleware.rb:28:in `call'
actionpack (5.0.3) lib/action_dispatch/middleware/executor.rb:12:in `call'
actionpack (5.0.3) lib/action_dispatch/middleware/static.rb:136:in `call'
rack (2.0.2) lib/rack/sendfile.rb:111:in `call'
railties (5.0.3) lib/rails/engine.rb:522:in `call'
puma (3.8.2) lib/puma/configuration.rb:224:in `call'
puma (3.8.2) lib/puma/server.rb:600:in `handle_request'
puma (3.8.2) lib/puma/server.rb:435:in `process_client'
puma (3.8.2) lib/puma/server.rb:299:in `block in run'
puma (3.8.2) lib/puma/thread_pool.rb:120:in `block in spawn_thread'
  Rendering /home/tenzin/.rbenv/versions/2.4.0/lib/ruby/gems/2.4.0/gems/actionpack-5.0.3/lib/action_dispatch/middleware/templates/rescues/unknown_action.html.erb within rescues/layout
  Rendered /home/tenzin/.rbenv/versions/2.4.0/lib/ruby/gems/2.4.0/gems/actionpack-5.0.3/lib/action_dispatch/middleware/templates/rescues/unknown_action.html.erb within rescues/layout (0.5ms)
Started GET "/welcome/home" for 127.0.0.1 at 2017-05-14 19:11:44 +0530
  
SyntaxError (/home/tenzin/Desktop/rails_projects/test_app/app/controllers/welcome_controller.rb:7: syntax error, unexpected end-of-input, expecting keyword_end):
  
app/controllers/welcome_controller.rb:7: syntax error, unexpected end-of-input, expecting keyword_end
  Rendering /home/tenzin/.rbenv/versions/2.4.0/lib/ruby/gems/2.4.0/gems/actionpack-5.0.3/lib/action_dispatch/middleware/templates/rescues/diagnostics.html.erb within rescues/layout
  Rendering /home/tenzin/.rbenv/versions/2.4.0/lib/ruby/gems/2.4.0/gems/actionpack-5.0.3/lib/action_dispatch/middleware/templates/rescues/_source.html.erb
  Rendered /home/tenzin/.rbenv/versions/2.4.0/lib/ruby/gems/2.4.0/gems/actionpack-5.0.3/lib/action_dispatch/middleware/templates/rescues/_source.html.erb (5.3ms)
  Rendering /home/tenzin/.rbenv/versions/2.4.0/lib/ruby/gems/2.4.0/gems/actionpack-5.0.3/lib/action_dispatch/middleware/templates/rescues/_trace.html.erb
  Rendered /home/tenzin/.rbenv/versions/2.4.0/lib/ruby/gems/2.4.0/gems/actionpack-5.0.3/lib/action_dispatch/middleware/templates/rescues/_trace.html.erb (2.4ms)
  Rendering /home/tenzin/.rbenv/versions/2.4.0/lib/ruby/gems/2.4.0/gems/actionpack-5.0.3/lib/action_dispatch/middleware/templates/rescues/_request_and_response.html.erb
  Rendered /home/tenzin/.rbenv/versions/2.4.0/lib/ruby/gems/2.4.0/gems/actionpack-5.0.3/lib/action_dispatch/middleware/templates/rescues/_request_and_response.html.erb (1.1ms)
  Rendered /home/tenzin/.rbenv/versions/2.4.0/lib/ruby/gems/2.4.0/gems/actionpack-5.0.3/lib/action_dispatch/middleware/templates/rescues/diagnostics.html.erb within rescues/layout (34.5ms)
Started GET "/welcome/home" for 127.0.0.1 at 2017-05-14 19:12:04 +0530
Processing by WelcomeController#home as HTML
Completed 406 Not Acceptable in 15ms (ActiveRecord: 0.0ms)


  
ActionController::UnknownFormat (WelcomeController#home is missing a template for this request format and variant.

request.formats: ["text/html"]
request.variant: []

NOTE! For XHR/Ajax or API requests, this action would normally respond with 204 No Content: an empty white screen. Since you're loading it in a web browser, we assume that you expected to actually render a template, not nothing, so we're showing an error to be extra-clear. If you expect 204 No Content, carry on. That's what you'll get from an XHR or API request. Give it a shot.):
  
actionpack (5.0.3) lib/action_controller/metal/implicit_render.rb:56:in `default_render'
actionpack (5.0.3) lib/action_controller/metal/basic_implicit_render.rb:4:in `block in send_action'
actionpack (5.0.3) lib/action_controller/metal/basic_implicit_render.rb:4:in `tap'
actionpack (5.0.3) lib/action_controller/metal/basic_implicit_render.rb:4:in `send_action'
actionpack (5.0.3) lib/abstract_controller/base.rb:188:in `process_action'
actionpack (5.0.3) lib/action_controller/metal/rendering.rb:30:in `process_action'
actionpack (5.0.3) lib/abstract_controller/callbacks.rb:20:in `block in process_action'
activesupport (5.0.3) lib/active_support/callbacks.rb:126:in `call'
activesupport (5.0.3) lib/active_support/callbacks.rb:506:in `block (2 levels) in compile'
activesupport (5.0.3) lib/active_support/callbacks.rb:455:in `call'
activesupport (5.0.3) lib/active_support/callbacks.rb:101:in `__run_callbacks__'
activesupport (5.0.3) lib/active_support/callbacks.rb:750:in `_run_process_action_callbacks'
activesupport (5.0.3) lib/active_support/callbacks.rb:90:in `run_callbacks'
actionpack (5.0.3) lib/abstract_controller/callbacks.rb:19:in `process_action'
actionpack (5.0.3) lib/action_controller/metal/rescue.rb:20:in `process_action'
actionpack (5.0.3) lib/action_controller/metal/instrumentation.rb:32:in `block in process_action'
activesupport (5.0.3) lib/active_support/notifications.rb:164:in `block in instrument'
activesupport (5.0.3) lib/active_support/notifications/instrumenter.rb:21:in `instrument'
activesupport (5.0.3) lib/active_support/notifications.rb:164:in `instrument'
actionpack (5.0.3) lib/action_controller/metal/instrumentation.rb:30:in `process_action'
actionpack (5.0.3) lib/action_controller/metal/params_wrapper.rb:248:in `process_action'
activerecord (5.0.3) lib/active_record/railties/controller_runtime.rb:18:in `process_action'
actionpack (5.0.3) lib/abstract_controller/base.rb:126:in `process'
actionview (5.0.3) lib/action_view/rendering.rb:30:in `process'
actionpack (5.0.3) lib/action_controller/metal.rb:190:in `dispatch'
actionpack (5.0.3) lib/action_controller/metal.rb:262:in `dispatch'
actionpack (5.0.3) lib/action_dispatch/routing/route_set.rb:50:in `dispatch'
actionpack (5.0.3) lib/action_dispatch/routing/route_set.rb:32:in `serve'
actionpack (5.0.3) lib/action_dispatch/journey/router.rb:39:in `block in serve'
actionpack (5.0.3) lib/action_dispatch/journey/router.rb:26:in `each'
actionpack (5.0.3) lib/action_dispatch/journey/router.rb:26:in `serve'
actionpack (5.0.3) lib/action_dispatch/routing/route_set.rb:725:in `call'
rack (2.0.2) lib/rack/etag.rb:25:in `call'
rack (2.0.2) lib/rack/conditional_get.rb:25:in `call'
rack (2.0.2) lib/rack/head.rb:12:in `call'
rack (2.0.2) lib/rack/session/abstract/id.rb:232:in `context'
rack (2.0.2) lib/rack/session/abstract/id.rb:226:in `call'
actionpack (5.0.3) lib/action_dispatch/middleware/cookies.rb:613:in `call'
activerecord (5.0.3) lib/active_record/migration.rb:553:in `call'
actionpack (5.0.3) lib/action_dispatch/middleware/callbacks.rb:38:in `block in call'
activesupport (5.0.3) lib/active_support/callbacks.rb:97:in `__run_callbacks__'
activesupport (5.0.3) lib/active_support/callbacks.rb:750:in `_run_call_callbacks'
activesupport (5.0.3) lib/active_support/callbacks.rb:90:in `run_callbacks'
actionpack (5.0.3) lib/action_dispatch/middleware/callbacks.rb:36:in `call'
actionpack (5.0.3) lib/action_dispatch/middleware/executor.rb:12:in `call'
actionpack (5.0.3) lib/action_dispatch/middleware/remote_ip.rb:79:in `call'
actionpack (5.0.3) lib/action_dispatch/middleware/debug_exceptions.rb:49:in `call'
web-console (3.5.1) lib/web_console/middleware.rb:135:in `call_app'
web-console (3.5.1) lib/web_console/middleware.rb:28:in `block in call'
web-console (3.5.1) lib/web_console/middleware.rb:18:in `catch'
web-console (3.5.1) lib/web_console/middleware.rb:18:in `call'
actionpack (5.0.3) lib/action_dispatch/middleware/show_exceptions.rb:31:in `call'
railties (5.0.3) lib/rails/rack/logger.rb:36:in `call_app'
railties (5.0.3) lib/rails/rack/logger.rb:24:in `block in call'
activesupport (5.0.3) lib/active_support/tagged_logging.rb:69:in `block in tagged'
activesupport (5.0.3) lib/active_support/tagged_logging.rb:26:in `tagged'
activesupport (5.0.3) lib/active_support/tagged_logging.rb:69:in `tagged'
railties (5.0.3) lib/rails/rack/logger.rb:24:in `call'
sprockets-rails (3.2.0) lib/sprockets/rails/quiet_assets.rb:13:in `call'
actionpack (5.0.3) lib/action_dispatch/middleware/request_id.rb:24:in `call'
rack (2.0.2) lib/rack/method_override.rb:22:in `call'
rack (2.0.2) lib/rack/runtime.rb:22:in `call'
activesupport (5.0.3) lib/active_support/cache/strategy/local_cache_middleware.rb:28:in `call'
actionpack (5.0.3) lib/action_dispatch/middleware/executor.rb:12:in `call'
actionpack (5.0.3) lib/action_dispatch/middleware/static.rb:136:in `call'
rack (2.0.2) lib/rack/sendfile.rb:111:in `call'
railties (5.0.3) lib/rails/engine.rb:522:in `call'
puma (3.8.2) lib/puma/configuration.rb:224:in `call'
puma (3.8.2) lib/puma/server.rb:600:in `handle_request'
puma (3.8.2) lib/puma/server.rb:435:in `process_client'
puma (3.8.2) lib/puma/server.rb:299:in `block in run'
puma (3.8.2) lib/puma/thread_pool.rb:120:in `block in spawn_thread'
  Rendering /home/tenzin/.rbenv/versions/2.4.0/lib/ruby/gems/2.4.0/gems/actionpack-5.0.3/lib/action_dispatch/middleware/templates/rescues/diagnostics.html.erb within rescues/layout
  Rendering /home/tenzin/.rbenv/versions/2.4.0/lib/ruby/gems/2.4.0/gems/actionpack-5.0.3/lib/action_dispatch/middleware/templates/rescues/_source.html.erb
  Rendered /home/tenzin/.rbenv/versions/2.4.0/lib/ruby/gems/2.4.0/gems/actionpack-5.0.3/lib/action_dispatch/middleware/templates/rescues/_source.html.erb (5.2ms)
  Rendering /home/tenzin/.rbenv/versions/2.4.0/lib/ruby/gems/2.4.0/gems/actionpack-5.0.3/lib/action_dispatch/middleware/templates/rescues/_trace.html.erb
  Rendered /home/tenzin/.rbenv/versions/2.4.0/lib/ruby/gems/2.4.0/gems/actionpack-5.0.3/lib/action_dispatch/middleware/templates/rescues/_trace.html.erb (2.4ms)
  Rendering /home/tenzin/.rbenv/versions/2.4.0/lib/ruby/gems/2.4.0/gems/actionpack-5.0.3/lib/action_dispatch/middleware/templates/rescues/_request_and_response.html.erb
  Rendered /home/tenzin/.rbenv/versions/2.4.0/lib/ruby/gems/2.4.0/gems/actionpack-5.0.3/lib/action_dispatch/middleware/templates/rescues/_request_and_response.html.erb (1.4ms)
  Rendered /home/tenzin/.rbenv/versions/2.4.0/lib/ruby/gems/2.4.0/gems/actionpack-5.0.3/lib/action_dispatch/middleware/templates/rescues/diagnostics.html.erb within rescues/layout (31.9ms)
Started GET "/welcome/home" for 127.0.0.1 at 2017-05-14 19:14:10 +0530
Processing by WelcomeController#home as HTML
  Rendering welcome/home.html.erb within layouts/application
  Rendered welcome/home.html.erb within layouts/application (0.4ms)
Completed 200 OK in 715ms (Views: 714.0ms | ActiveRecord: 0.0ms)


Started GET "/welcome/about" for 127.0.0.1 at 2017-05-14 19:16:32 +0530
  
SyntaxError (/home/tenzin/Desktop/rails_projects/test_app/config/routes.rb:4: syntax error, unexpected tIDENTIFIER, expecting keyword_end
  get 'welcome/about' to: 'welcome#about'
                        ^):
  
config/routes.rb:4: syntax error, unexpected tIDENTIFIER, expecting keyword_end
  Rendering /home/tenzin/.rbenv/versions/2.4.0/lib/ruby/gems/2.4.0/gems/actionpack-5.0.3/lib/action_dispatch/middleware/templates/rescues/diagnostics.html.erb within rescues/layout
  Rendering /home/tenzin/.rbenv/versions/2.4.0/lib/ruby/gems/2.4.0/gems/actionpack-5.0.3/lib/action_dispatch/middleware/templates/rescues/_source.html.erb
  Rendered /home/tenzin/.rbenv/versions/2.4.0/lib/ruby/gems/2.4.0/gems/actionpack-5.0.3/lib/action_dispatch/middleware/templates/rescues/_source.html.erb (4.6ms)
  Rendering /home/tenzin/.rbenv/versions/2.4.0/lib/ruby/gems/2.4.0/gems/actionpack-5.0.3/lib/action_dispatch/middleware/templates/rescues/_trace.html.erb
  Rendered /home/tenzin/.rbenv/versions/2.4.0/lib/ruby/gems/2.4.0/gems/actionpack-5.0.3/lib/action_dispatch/middleware/templates/rescues/_trace.html.erb (2.5ms)
  Rendering /home/tenzin/.rbenv/versions/2.4.0/lib/ruby/gems/2.4.0/gems/actionpack-5.0.3/lib/action_dispatch/middleware/templates/rescues/_request_and_response.html.erb
  Rendered /home/tenzin/.rbenv/versions/2.4.0/lib/ruby/gems/2.4.0/gems/actionpack-5.0.3/lib/action_dispatch/middleware/templates/rescues/_request_and_response.html.erb (1.1ms)
  Rendered /home/tenzin/.rbenv/versions/2.4.0/lib/ruby/gems/2.4.0/gems/actionpack-5.0.3/lib/action_dispatch/middleware/templates/rescues/diagnostics.html.erb within rescues/layout (31.0ms)
Started GET "/welcome/about" for 127.0.0.1 at 2017-05-14 19:16:45 +0530
  
AbstractController::ActionNotFound (The action 'about' could not be found for WelcomeController):
  
actionpack (5.0.3) lib/abstract_controller/base.rb:121:in `process'
actionview (5.0.3) lib/action_view/rendering.rb:30:in `process'
actionpack (5.0.3) lib/action_controller/metal.rb:190:in `dispatch'
actionpack (5.0.3) lib/action_controller/metal.rb:262:in `dispatch'
actionpack (5.0.3) lib/action_dispatch/routing/route_set.rb:50:in `dispatch'
actionpack (5.0.3) lib/action_dispatch/routing/route_set.rb:32:in `serve'
actionpack (5.0.3) lib/action_dispatch/journey/router.rb:39:in `block in serve'
actionpack (5.0.3) lib/action_dispatch/journey/router.rb:26:in `each'
actionpack (5.0.3) lib/action_dispatch/journey/router.rb:26:in `serve'
actionpack (5.0.3) lib/action_dispatch/routing/route_set.rb:725:in `call'
rack (2.0.2) lib/rack/etag.rb:25:in `call'
rack (2.0.2) lib/rack/conditional_get.rb:25:in `call'
rack (2.0.2) lib/rack/head.rb:12:in `call'
rack (2.0.2) lib/rack/session/abstract/id.rb:232:in `context'
rack (2.0.2) lib/rack/session/abstract/id.rb:226:in `call'
actionpack (5.0.3) lib/action_dispatch/middleware/cookies.rb:613:in `call'
activerecord (5.0.3) lib/active_record/migration.rb:553:in `call'
actionpack (5.0.3) lib/action_dispatch/middleware/callbacks.rb:38:in `block in call'
activesupport (5.0.3) lib/active_support/callbacks.rb:97:in `__run_callbacks__'
activesupport (5.0.3) lib/active_support/callbacks.rb:750:in `_run_call_callbacks'
activesupport (5.0.3) lib/active_support/callbacks.rb:90:in `run_callbacks'
actionpack (5.0.3) lib/action_dispatch/middleware/callbacks.rb:36:in `call'
actionpack (5.0.3) lib/action_dispatch/middleware/executor.rb:12:in `call'
actionpack (5.0.3) lib/action_dispatch/middleware/remote_ip.rb:79:in `call'
actionpack (5.0.3) lib/action_dispatch/middleware/debug_exceptions.rb:49:in `call'
web-console (3.5.1) lib/web_console/middleware.rb:135:in `call_app'
web-console (3.5.1) lib/web_console/middleware.rb:28:in `block in call'
web-console (3.5.1) lib/web_console/middleware.rb:18:in `catch'
web-console (3.5.1) lib/web_console/middleware.rb:18:in `call'
actionpack (5.0.3) lib/action_dispatch/middleware/show_exceptions.rb:31:in `call'
railties (5.0.3) lib/rails/rack/logger.rb:36:in `call_app'
railties (5.0.3) lib/rails/rack/logger.rb:24:in `block in call'
activesupport (5.0.3) lib/active_support/tagged_logging.rb:69:in `block in tagged'
activesupport (5.0.3) lib/active_support/tagged_logging.rb:26:in `tagged'
activesupport (5.0.3) lib/active_support/tagged_logging.rb:69:in `tagged'
railties (5.0.3) lib/rails/rack/logger.rb:24:in `call'
sprockets-rails (3.2.0) lib/sprockets/rails/quiet_assets.rb:13:in `call'
actionpack (5.0.3) lib/action_dispatch/middleware/request_id.rb:24:in `call'
rack (2.0.2) lib/rack/method_override.rb:22:in `call'
rack (2.0.2) lib/rack/runtime.rb:22:in `call'
activesupport (5.0.3) lib/active_support/cache/strategy/local_cache_middleware.rb:28:in `call'
actionpack (5.0.3) lib/action_dispatch/middleware/executor.rb:12:in `call'
actionpack (5.0.3) lib/action_dispatch/middleware/static.rb:136:in `call'
rack (2.0.2) lib/rack/sendfile.rb:111:in `call'
railties (5.0.3) lib/rails/engine.rb:522:in `call'
puma (3.8.2) lib/puma/configuration.rb:224:in `call'
puma (3.8.2) lib/puma/server.rb:600:in `handle_request'
puma (3.8.2) lib/puma/server.rb:435:in `process_client'
puma (3.8.2) lib/puma/server.rb:299:in `block in run'
puma (3.8.2) lib/puma/thread_pool.rb:120:in `block in spawn_thread'
  Rendering /home/tenzin/.rbenv/versions/2.4.0/lib/ruby/gems/2.4.0/gems/actionpack-5.0.3/lib/action_dispatch/middleware/templates/rescues/unknown_action.html.erb within rescues/layout
  Rendered /home/tenzin/.rbenv/versions/2.4.0/lib/ruby/gems/2.4.0/gems/actionpack-5.0.3/lib/action_dispatch/middleware/templates/rescues/unknown_action.html.erb within rescues/layout (0.5ms)
Started GET "/welcome/about" for 127.0.0.1 at 2017-05-14 19:17:45 +0530
Processing by WelcomeController#about as HTML
  Rendering welcome/about.html.erb within layouts/application
  Rendered welcome/about.html.erb within layouts/application (0.9ms)
Completed 200 OK in 22ms (Views: 20.6ms | ActiveRecord: 0.0ms)


Started GET "/welcome/about" for 127.0.0.1 at 2017-05-14 19:30:55 +0530
Processing by WelcomeController#about as HTML
  Rendering welcome/about.html.erb within layouts/application
  Rendered welcome/about.html.erb within layouts/application (0.9ms)
Completed 200 OK in 24ms (Views: 22.3ms | ActiveRecord: 0.0ms)


Started GET "/welcome/home" for 127.0.0.1 at 2017-05-14 19:31:00 +0530
Processing by WelcomeController#home as HTML
  Rendering welcome/home.html.erb within layouts/application
  Rendered welcome/home.html.erb within layouts/application (0.8ms)
Completed 200 OK in 27ms (Views: 25.6ms | ActiveRecord: 0.0ms)


Started GET "/welcome/home" for 127.0.0.1 at 2017-05-14 19:31:01 +0530
Processing by WelcomeController#home as HTML
  Rendering welcome/home.html.erb within layouts/application
  Rendered welcome/home.html.erb within layouts/application (0.8ms)
Completed 200 OK in 29ms (Views: 26.6ms | ActiveRecord: 0.0ms)


Started GET "/welcome/home" for 127.0.0.1 at 2017-05-14 19:31:57 +0530
Processing by WelcomeController#home as HTML
  Rendering welcome/home.html.erb within layouts/application
  Rendered welcome/home.html.erb within layouts/application (0.7ms)
Completed 200 OK in 24ms (Views: 22.8ms | ActiveRecord: 0.0ms)


Started GET "/welcome/about" for 127.0.0.1 at 2017-05-14 19:32:04 +0530
Processing by WelcomeController#about as HTML
  Rendering welcome/about.html.erb within layouts/application
  Rendered welcome/about.html.erb within layouts/application (0.7ms)
Completed 200 OK in 34ms (Views: 33.1ms | ActiveRecord: 0.0ms)


Started GET "/welcome/home" for 127.0.0.1 at 2017-05-14 19:32:05 +0530
Processing by WelcomeController#home as HTML
  Rendering welcome/home.html.erb within layouts/application
  Rendered welcome/home.html.erb within layouts/application (0.9ms)
Completed 200 OK in 38ms (Views: 36.0ms | ActiveRecord: 0.0ms)


Started GET "/welcome/about" for 127.0.0.1 at 2017-05-14 19:32:06 +0530
Processing by WelcomeController#about as HTML
  Rendering welcome/about.html.erb within layouts/application
  Rendered welcome/about.html.erb within layouts/application (0.6ms)
Completed 200 OK in 43ms (Views: 42.0ms | ActiveRecord: 0.0ms)


Started GET "/welcome/home" for 127.0.0.1 at 2017-05-14 19:37:37 +0530
Processing by WelcomeController#home as HTML
  Rendering welcome/home.html.erb within layouts/application
  Rendered welcome/home.html.erb within layouts/application (1.0ms)
Completed 200 OK in 34ms (Views: 32.4ms | ActiveRecord: 0.0ms)


Started GET "/welcome/about" for 127.0.0.1 at 2017-05-14 19:37:38 +0530
Processing by WelcomeController#about as HTML
  Rendering welcome/about.html.erb within layouts/application
  Rendered welcome/about.html.erb within layouts/application (1.0ms)
Completed 200 OK in 30ms (Views: 28.9ms | ActiveRecord: 0.0ms)


Started GET "/welcome/home" for 127.0.0.1 at 2017-05-14 19:37:39 +0530
Processing by WelcomeController#home as HTML
  Rendering welcome/home.html.erb within layouts/application
  Rendered welcome/home.html.erb within layouts/application (0.9ms)
Completed 200 OK in 33ms (Views: 31.5ms | ActiveRecord: 0.0ms)


Started GET "/welcome/about" for 127.0.0.1 at 2017-05-14 19:37:39 +0530
Processing by WelcomeController#about as HTML
  Rendering welcome/about.html.erb within layouts/application
  Rendered welcome/about.html.erb within layouts/application (1.8ms)
Completed 200 OK in 40ms (Views: 38.4ms | ActiveRecord: 0.0ms)


Started GET "/welcome/home" for 127.0.0.1 at 2017-05-14 19:37:40 +0530
Processing by WelcomeController#home as HTML
  Rendering welcome/home.html.erb within layouts/application
  Rendered welcome/home.html.erb within layouts/application (0.9ms)
Completed 200 OK in 36ms (Views: 34.3ms | ActiveRecord: 0.0ms)


Started GET "/welcome/about" for 127.0.0.1 at 2017-05-14 19:37:41 +0530
Processing by WelcomeController#about as HTML
  Rendering welcome/about.html.erb within layouts/application
  Rendered welcome/about.html.erb within layouts/application (0.9ms)
Completed 200 OK in 25ms (Views: 23.8ms | ActiveRecord: 0.0ms)


Started GET "/welcome/home" for 127.0.0.1 at 2017-05-14 19:37:41 +0530
Processing by WelcomeController#home as HTML
  Rendering welcome/home.html.erb within layouts/application
  Rendered welcome/home.html.erb within layouts/application (0.8ms)
Completed 200 OK in 40ms (Views: 39.0ms | ActiveRecord: 0.0ms)


Started GET "/welcome/about" for 127.0.0.1 at 2017-05-14 19:37:43 +0530
Processing by WelcomeController#about as HTML
  Rendering welcome/about.html.erb within layouts/application
  Rendered welcome/about.html.erb within layouts/application (1.3ms)
Completed 200 OK in 33ms (Views: 31.6ms | ActiveRecord: 0.0ms)


Started GET "/welcome/home" for 127.0.0.1 at 2017-05-14 19:37:43 +0530
Processing by WelcomeController#home as HTML
  Rendering welcome/home.html.erb within layouts/application
  Rendered welcome/home.html.erb within layouts/application (0.8ms)
Completed 200 OK in 31ms (Views: 28.9ms | ActiveRecord: 0.0ms)


Started GET "/welcome/about" for 127.0.0.1 at 2017-05-14 19:37:44 +0530
Processing by WelcomeController#about as HTML
  Rendering welcome/about.html.erb within layouts/application
  Rendered welcome/about.html.erb within layouts/application (0.8ms)
Completed 200 OK in 32ms (Views: 30.1ms | ActiveRecord: 0.0ms)


Started GET "/welcome/home" for 127.0.0.1 at 2017-05-14 19:37:45 +0530
Processing by WelcomeController#home as HTML
  Rendering welcome/home.html.erb within layouts/application
  Rendered welcome/home.html.erb within layouts/application (1.6ms)
Completed 200 OK in 46ms (Views: 44.6ms | ActiveRecord: 0.0ms)


Started GET "/welcome/about" for 127.0.0.1 at 2017-05-14 19:37:45 +0530
Processing by WelcomeController#about as HTML
  Rendering welcome/about.html.erb within layouts/application
  Rendered welcome/about.html.erb within layouts/application (0.6ms)
Completed 200 OK in 31ms (Views: 29.4ms | ActiveRecord: 0.0ms)


Started GET "/" for 127.0.0.1 at 2017-05-14 19:39:39 +0530
Processing by Rails::WelcomeController#index as HTML
  Parameters: {"internal"=>true}
  Rendering /home/tenzin/.rbenv/versions/2.4.0/lib/ruby/gems/2.4.0/gems/railties-5.0.3/lib/rails/templates/rails/welcome/index.html.erb
  Rendered /home/tenzin/.rbenv/versions/2.4.0/lib/ruby/gems/2.4.0/gems/railties-5.0.3/lib/rails/templates/rails/welcome/index.html.erb (3.6ms)
Completed 200 OK in 7ms (Views: 5.4ms | ActiveRecord: 0.0ms)


Started GET "/" for 127.0.0.1 at 2017-05-14 19:41:53 +0530
Processing by WelcomeController#home as HTML
  Rendering welcome/home.html.erb within layouts/application
  Rendered welcome/home.html.erb within layouts/application (1.6ms)
Completed 200 OK in 23ms (Views: 22.0ms | ActiveRecord: 0.0ms)


Started GET "/welcome/about" for 127.0.0.1 at 2017-05-14 19:42:13 +0530
Processing by WelcomeController#about as HTML
  Rendering welcome/about.html.erb within layouts/application
  Rendered welcome/about.html.erb within layouts/application (237.2ms)
Completed 500 Internal Server Error in 241ms (ActiveRecord: 0.0ms)


  
ActionView::Template::Error (undefined local variable or method `welcome_home_path' for #<#<Class:0x007f4ab8381738>:0x007f4ab8052d28>
Did you mean?  welcome_about_path):
    1: <h1>THIS IS ABOUT PAGE!!</h1>
    2: 
    3: <%= link_to 'Home', welcome_home_path %>
  
app/views/welcome/about.html.erb:3:in `_app_views_welcome_about_html_erb__472967023458219310_69979445828480'
  Rendering /home/tenzin/.rbenv/versions/2.4.0/lib/ruby/gems/2.4.0/gems/actionpack-5.0.3/lib/action_dispatch/middleware/templates/rescues/template_error.html.erb within rescues/layout
  Rendering /home/tenzin/.rbenv/versions/2.4.0/lib/ruby/gems/2.4.0/gems/actionpack-5.0.3/lib/action_dispatch/middleware/templates/rescues/_source.html.erb
  Rendered /home/tenzin/.rbenv/versions/2.4.0/lib/ruby/gems/2.4.0/gems/actionpack-5.0.3/lib/action_dispatch/middleware/templates/rescues/_source.html.erb (15.2ms)
  Rendering /home/tenzin/.rbenv/versions/2.4.0/lib/ruby/gems/2.4.0/gems/actionpack-5.0.3/lib/action_dispatch/middleware/templates/rescues/_trace.html.erb
  Rendered /home/tenzin/.rbenv/versions/2.4.0/lib/ruby/gems/2.4.0/gems/actionpack-5.0.3/lib/action_dispatch/middleware/templates/rescues/_trace.html.erb (17.9ms)
  Rendering /home/tenzin/.rbenv/versions/2.4.0/lib/ruby/gems/2.4.0/gems/actionpack-5.0.3/lib/action_dispatch/middleware/templates/rescues/_request_and_response.html.erb
  Rendered /home/tenzin/.rbenv/versions/2.4.0/lib/ruby/gems/2.4.0/gems/actionpack-5.0.3/lib/action_dispatch/middleware/templates/rescues/_request_and_response.html.erb (1.1ms)
  Rendered /home/tenzin/.rbenv/versions/2.4.0/lib/ruby/gems/2.4.0/gems/actionpack-5.0.3/lib/action_dispatch/middleware/templates/rescues/template_error.html.erb within rescues/layout (61.6ms)
Started GET "/welcome/about" for 127.0.0.1 at 2017-05-14 19:45:14 +0530
  
ActionController::RoutingError (No route matches [GET] "/welcome/about"):
  
actionpack (5.0.3) lib/action_dispatch/middleware/debug_exceptions.rb:53:in `call'
web-console (3.5.1) lib/web_console/middleware.rb:135:in `call_app'
web-console (3.5.1) lib/web_console/middleware.rb:28:in `block in call'
web-console (3.5.1) lib/web_console/middleware.rb:18:in `catch'
web-console (3.5.1) lib/web_console/middleware.rb:18:in `call'
actionpack (5.0.3) lib/action_dispatch/middleware/show_exceptions.rb:31:in `call'
railties (5.0.3) lib/rails/rack/logger.rb:36:in `call_app'
railties (5.0.3) lib/rails/rack/logger.rb:24:in `block in call'
activesupport (5.0.3) lib/active_support/tagged_logging.rb:69:in `block in tagged'
activesupport (5.0.3) lib/active_support/tagged_logging.rb:26:in `tagged'
activesupport (5.0.3) lib/active_support/tagged_logging.rb:69:in `tagged'
railties (5.0.3) lib/rails/rack/logger.rb:24:in `call'
sprockets-rails (3.2.0) lib/sprockets/rails/quiet_assets.rb:13:in `call'
actionpack (5.0.3) lib/action_dispatch/middleware/request_id.rb:24:in `call'
rack (2.0.2) lib/rack/method_override.rb:22:in `call'
rack (2.0.2) lib/rack/runtime.rb:22:in `call'
activesupport (5.0.3) lib/active_support/cache/strategy/local_cache_middleware.rb:28:in `call'
actionpack (5.0.3) lib/action_dispatch/middleware/executor.rb:12:in `call'
actionpack (5.0.3) lib/action_dispatch/middleware/static.rb:136:in `call'
rack (2.0.2) lib/rack/sendfile.rb:111:in `call'
railties (5.0.3) lib/rails/engine.rb:522:in `call'
puma (3.8.2) lib/puma/configuration.rb:224:in `call'
puma (3.8.2) lib/puma/server.rb:600:in `handle_request'
puma (3.8.2) lib/puma/server.rb:435:in `process_client'
puma (3.8.2) lib/puma/server.rb:299:in `block in run'
puma (3.8.2) lib/puma/thread_pool.rb:120:in `block in spawn_thread'
  Rendering /home/tenzin/.rbenv/versions/2.4.0/lib/ruby/gems/2.4.0/gems/actionpack-5.0.3/lib/action_dispatch/middleware/templates/rescues/routing_error.html.erb within rescues/layout
  Rendering /home/tenzin/.rbenv/versions/2.4.0/lib/ruby/gems/2.4.0/gems/actionpack-5.0.3/lib/action_dispatch/middleware/templates/rescues/_trace.html.erb
  Rendered /home/tenzin/.rbenv/versions/2.4.0/lib/ruby/gems/2.4.0/gems/actionpack-5.0.3/lib/action_dispatch/middleware/templates/rescues/_trace.html.erb (2.5ms)
  Rendered collection of /home/tenzin/.rbenv/versions/2.4.0/lib/ruby/gems/2.4.0/gems/actionpack-5.0.3/lib/action_dispatch/middleware/templates/routes/_route.html.erb [2 times] (2.0ms)
  Rendered /home/tenzin/.rbenv/versions/2.4.0/lib/ruby/gems/2.4.0/gems/actionpack-5.0.3/lib/action_dispatch/middleware/templates/routes/_table.html.erb (1.6ms)
  Rendering /home/tenzin/.rbenv/versions/2.4.0/lib/ruby/gems/2.4.0/gems/actionpack-5.0.3/lib/action_dispatch/middleware/templates/rescues/_request_and_response.html.erb
  Rendered /home/tenzin/.rbenv/versions/2.4.0/lib/ruby/gems/2.4.0/gems/actionpack-5.0.3/lib/action_dispatch/middleware/templates/rescues/_request_and_response.html.erb (2.2ms)
  Rendered /home/tenzin/.rbenv/versions/2.4.0/lib/ruby/gems/2.4.0/gems/actionpack-5.0.3/lib/action_dispatch/middleware/templates/rescues/routing_error.html.erb within rescues/layout (41.0ms)
Started GET "/" for 127.0.0.1 at 2017-05-14 19:45:25 +0530
Processing by WelcomeController#home as HTML
  Rendering welcome/home.html.erb within layouts/application
  Rendered welcome/home.html.erb within layouts/application (0.7ms)
Completed 200 OK in 27ms (Views: 25.4ms | ActiveRecord: 0.0ms)


Started GET "/about" for 127.0.0.1 at 2017-05-14 19:45:28 +0530
Processing by WelcomeController#about as HTML
  Rendering welcome/about.html.erb within layouts/application
  Rendered welcome/about.html.erb within layouts/application (0.7ms)
Completed 200 OK in 29ms (Views: 27.1ms | ActiveRecord: 0.0ms)


Started GET "/" for 127.0.0.1 at 2017-05-14 19:45:29 +0530
Processing by WelcomeController#home as HTML
  Rendering welcome/home.html.erb within layouts/application
  Rendered welcome/home.html.erb within layouts/application (0.8ms)
Completed 200 OK in 43ms (Views: 41.6ms | ActiveRecord: 0.0ms)


Started GET "/about" for 127.0.0.1 at 2017-05-14 19:45:30 +0530
Processing by WelcomeController#about as HTML
  Rendering welcome/about.html.erb within layouts/application
  Rendered welcome/about.html.erb within layouts/application (2.0ms)
Completed 200 OK in 60ms (Views: 57.8ms | ActiveRecord: 0.0ms)


Started GET "/" for 127.0.0.1 at 2017-05-14 19:45:31 +0530
Processing by WelcomeController#home as HTML
  Rendering welcome/home.html.erb within layouts/application
  Rendered welcome/home.html.erb within layouts/application (2.8ms)
Completed 200 OK in 56ms (Views: 53.5ms | ActiveRecord: 0.0ms)


Started GET "/about" for 127.0.0.1 at 2017-05-14 19:45:31 +0530
Processing by WelcomeController#about as HTML
  Rendering welcome/about.html.erb within layouts/application
  Rendered welcome/about.html.erb within layouts/application (0.9ms)
Completed 200 OK in 40ms (Views: 38.9ms | ActiveRecord: 0.0ms)


Started GET "/" for 127.0.0.1 at 2017-05-14 19:45:31 +0530
Processing by WelcomeController#home as HTML
  Rendering welcome/home.html.erb within layouts/application
  Rendered welcome/home.html.erb within layouts/application (1.4ms)
Completed 200 OK in 48ms (Views: 46.1ms | ActiveRecord: 0.0ms)


Started GET "/about" for 127.0.0.1 at 2017-05-14 19:45:32 +0530
Processing by WelcomeController#about as HTML
  Rendering welcome/about.html.erb within layouts/application
  Rendered welcome/about.html.erb within layouts/application (1.1ms)
Completed 200 OK in 73ms (Views: 68.7ms | ActiveRecord: 0.0ms)


Started GET "/" for 127.0.0.1 at 2017-05-14 19:45:32 +0530
Processing by WelcomeController#home as HTML
  Rendering welcome/home.html.erb within layouts/application
  Rendered welcome/home.html.erb within layouts/application (0.8ms)
Completed 200 OK in 33ms (Views: 31.6ms | ActiveRecord: 0.0ms)


Started GET "/about" for 127.0.0.1 at 2017-05-14 19:45:33 +0530
Processing by WelcomeController#about as HTML
  Rendering welcome/about.html.erb within layouts/application
  Rendered welcome/about.html.erb within layouts/application (0.9ms)
Completed 200 OK in 33ms (Views: 30.9ms | ActiveRecord: 0.0ms)


Started GET "/" for 127.0.0.1 at 2017-05-14 19:45:33 +0530
Processing by WelcomeController#home as HTML
  Rendering welcome/home.html.erb within layouts/application
  Rendered welcome/home.html.erb within layouts/application (0.6ms)
Completed 200 OK in 37ms (Views: 35.3ms | ActiveRecord: 0.0ms)


Started GET "/about" for 127.0.0.1 at 2017-05-14 19:45:34 +0530
Processing by WelcomeController#about as HTML
  Rendering welcome/about.html.erb within layouts/application
  Rendered welcome/about.html.erb within layouts/application (0.7ms)
Completed 200 OK in 40ms (Views: 38.0ms | ActiveRecord: 0.0ms)


Started GET "/" for 127.0.0.1 at 2017-05-14 19:46:09 +0530
Processing by WelcomeController#home as HTML
  Rendering welcome/home.html.erb within layouts/application
  Rendered welcome/home.html.erb within layouts/application (0.7ms)
Completed 200 OK in 31ms (Views: 28.8ms | ActiveRecord: 0.0ms)


Started GET "/" for 127.0.0.1 at 2017-05-18 05:50:50 +0530
Processing by WelcomeController#home as HTML
  Rendering welcome/home.html.erb within layouts/application
  Rendered welcome/home.html.erb within layouts/application (27.8ms)
Completed 200 OK in 604ms (Views: 533.8ms | ActiveRecord: 0.0ms)


Started GET "/about" for 127.0.0.1 at 2017-05-18 05:50:54 +0530
Processing by WelcomeController#about as HTML
  Rendering welcome/about.html.erb within layouts/application
  Rendered welcome/about.html.erb within layouts/application (1.1ms)
Completed 200 OK in 55ms (Views: 21.7ms | ActiveRecord: 0.0ms)


Started GET "/" for 127.0.0.1 at 2017-05-18 05:50:54 +0530
Processing by WelcomeController#home as HTML
  Rendering welcome/home.html.erb within layouts/application
  Rendered welcome/home.html.erb within layouts/application (1.3ms)
Completed 200 OK in 41ms (Views: 38.3ms | ActiveRecord: 0.0ms)


Started GET "/about" for 127.0.0.1 at 2017-05-18 05:50:55 +0530
Processing by WelcomeController#about as HTML
  Rendering welcome/about.html.erb within layouts/application
  Rendered welcome/about.html.erb within layouts/application (1.0ms)
Completed 200 OK in 37ms (Views: 34.4ms | ActiveRecord: 0.0ms)


Started GET "/" for 127.0.0.1 at 2017-05-18 05:50:55 +0530
Processing by WelcomeController#home as HTML
  Rendering welcome/home.html.erb within layouts/application
  Rendered welcome/home.html.erb within layouts/application (0.9ms)
Completed 200 OK in 29ms (Views: 27.0ms | ActiveRecord: 0.0ms)


Started GET "/about" for 127.0.0.1 at 2017-05-18 05:50:56 +0530
Processing by WelcomeController#about as HTML
  Rendering welcome/about.html.erb within layouts/application
  Rendered welcome/about.html.erb within layouts/application (0.9ms)
Completed 200 OK in 32ms (Views: 30.4ms | ActiveRecord: 0.0ms)


Started GET "/" for 127.0.0.1 at 2017-05-18 05:50:56 +0530
Processing by WelcomeController#home as HTML
  Rendering welcome/home.html.erb within layouts/application
  Rendered welcome/home.html.erb within layouts/application (1.3ms)
Completed 200 OK in 37ms (Views: 35.8ms | ActiveRecord: 0.0ms)


Started GET "/about" for 127.0.0.1 at 2017-05-18 06:16:00 +0530
Processing by WelcomeController#about as HTML
  Rendering welcome/about.html.erb within layouts/application
  Rendered welcome/about.html.erb within layouts/application (1.0ms)
Completed 200 OK in 172ms (Views: 169.7ms | ActiveRecord: 0.0ms)


Started GET "/" for 127.0.0.1 at 2017-05-18 06:16:02 +0530
Processing by WelcomeController#home as HTML
  Rendering welcome/home.html.erb within layouts/application
  Rendered welcome/home.html.erb within layouts/application (1.3ms)
Completed 200 OK in 31ms (Views: 29.0ms | ActiveRecord: 0.0ms)


Started GET "/about" for 127.0.0.1 at 2017-05-18 06:16:03 +0530
Processing by WelcomeController#about as HTML
  Rendering welcome/about.html.erb within layouts/application
  Rendered welcome/about.html.erb within layouts/application (1.1ms)
Completed 200 OK in 36ms (Views: 33.7ms | ActiveRecord: 0.0ms)


Started GET "/" for 127.0.0.1 at 2017-05-18 06:16:04 +0530
Processing by WelcomeController#home as HTML
  Rendering welcome/home.html.erb within layouts/application
  Rendered welcome/home.html.erb within layouts/application (1.1ms)
Completed 200 OK in 50ms (Views: 48.8ms | ActiveRecord: 0.0ms)


Started GET "/about" for 127.0.0.1 at 2017-05-18 06:16:04 +0530
Processing by WelcomeController#about as HTML
  Rendering welcome/about.html.erb within layouts/application
  Rendered welcome/about.html.erb within layouts/application (1.0ms)
Completed 200 OK in 40ms (Views: 38.2ms | ActiveRecord: 0.0ms)


Started GET "/" for 127.0.0.1 at 2017-05-18 06:16:04 +0530
Processing by WelcomeController#home as HTML
  Rendering welcome/home.html.erb within layouts/application
  Rendered welcome/home.html.erb within layouts/application (1.5ms)
Completed 200 OK in 34ms (Views: 31.4ms | ActiveRecord: 0.0ms)


Started GET "/about" for 127.0.0.1 at 2017-05-18 06:16:05 +0530
Processing by WelcomeController#about as HTML
  Rendering welcome/about.html.erb within layouts/application
  Rendered welcome/about.html.erb within layouts/application (0.9ms)
Completed 200 OK in 30ms (Views: 28.1ms | ActiveRecord: 0.0ms)


Started GET "/" for 127.0.0.1 at 2017-05-18 06:16:05 +0530
Processing by WelcomeController#home as HTML
  Rendering welcome/home.html.erb within layouts/application
  Rendered welcome/home.html.erb within layouts/application (1.0ms)
Completed 200 OK in 34ms (Views: 32.3ms | ActiveRecord: 0.0ms)


Started GET "/about" for 127.0.0.1 at 2017-05-18 06:16:05 +0530
Processing by WelcomeController#about as HTML
  Rendering welcome/about.html.erb within layouts/application
  Rendered welcome/about.html.erb within layouts/application (1.0ms)
Completed 200 OK in 41ms (Views: 38.1ms | ActiveRecord: 0.0ms)


Started GET "/" for 127.0.0.1 at 2017-05-18 06:16:05 +0530
Processing by WelcomeController#home as HTML
  Rendering welcome/home.html.erb within layouts/application
  Rendered welcome/home.html.erb within layouts/application (1.2ms)
Completed 200 OK in 34ms (Views: 31.8ms | ActiveRecord: 0.0ms)


Started GET "/about" for 127.0.0.1 at 2017-05-18 06:16:06 +0530
Processing by WelcomeController#about as HTML
  Rendering welcome/about.html.erb within layouts/application
  Rendered welcome/about.html.erb within layouts/application (1.2ms)
Completed 200 OK in 43ms (Views: 40.5ms | ActiveRecord: 0.0ms)


Started GET "/" for 127.0.0.1 at 2017-05-18 06:16:06 +0530
Processing by WelcomeController#home as HTML
  Rendering welcome/home.html.erb within layouts/application
  Rendered welcome/home.html.erb within layouts/application (1.0ms)
Completed 200 OK in 38ms (Views: 36.4ms | ActiveRecord: 0.0ms)


Started GET "/about" for 127.0.0.1 at 2017-05-18 06:16:06 +0530
Processing by WelcomeController#about as HTML
  Rendering welcome/about.html.erb within layouts/application
  Rendered welcome/about.html.erb within layouts/application (0.9ms)
Completed 200 OK in 36ms (Views: 33.8ms | ActiveRecord: 0.0ms)


Started GET "/" for 127.0.0.1 at 2017-05-18 06:16:07 +0530
Processing by WelcomeController#home as HTML
  Rendering welcome/home.html.erb within layouts/application
  Rendered welcome/home.html.erb within layouts/application (0.9ms)
Completed 200 OK in 33ms (Views: 31.3ms | ActiveRecord: 0.0ms)


Started GET "/about" for 127.0.0.1 at 2017-05-18 06:16:07 +0530
Processing by WelcomeController#about as HTML
  Rendering welcome/about.html.erb within layouts/application
  Rendered welcome/about.html.erb within layouts/application (0.9ms)
Completed 200 OK in 36ms (Views: 34.5ms | ActiveRecord: 0.0ms)


Started GET "/" for 127.0.0.1 at 2017-05-18 06:16:07 +0530
Processing by WelcomeController#home as HTML
  Rendering welcome/home.html.erb within layouts/application
  Rendered welcome/home.html.erb within layouts/application (1.0ms)
Completed 200 OK in 37ms (Views: 35.5ms | ActiveRecord: 0.0ms)


Started GET "/about" for 127.0.0.1 at 2017-05-18 06:16:08 +0530
Processing by WelcomeController#about as HTML
  Rendering welcome/about.html.erb within layouts/application
  Rendered welcome/about.html.erb within layouts/application (1.2ms)
Completed 200 OK in 51ms (Views: 48.5ms | ActiveRecord: 0.0ms)


Started GET "/" for 127.0.0.1 at 2017-05-18 06:16:08 +0530
Processing by WelcomeController#home as HTML
  Rendering welcome/home.html.erb within layouts/application
  Rendered welcome/home.html.erb within layouts/application (1.8ms)
Completed 200 OK in 40ms (Views: 37.4ms | ActiveRecord: 0.0ms)


